{
  "RSpec": {
    "coverage": {
      "/Users/syaifulsabril/Documents/works/rails/logbook/app/controllers/application_controller.rb": [
        1,
        1,
        null
      ],
      "/Users/syaifulsabril/Documents/works/rails/logbook/app/helpers/application_helper.rb": [
        1,
        null
      ],
      "/Users/syaifulsabril/Documents/works/rails/logbook/app/admin/admin_users.rb": [
        1,
        1,
        1,
        null,
        1,
        0,
        0,
        null,
        0,
        0,
        null,
        0,
        null,
        null,
        1,
        1,
        null,
        1,
        0,
        0,
        0,
        0,
        null,
        0,
        null,
        null,
        null,
        null,
        1,
        1,
        1,
        0,
        null,
        null
      ],
      "/Users/syaifulsabril/Documents/works/rails/logbook/app/models/admin_user.rb": [
        1,
        null,
        null,
        1,
        null,
        null,
        null,
        1,
        null,
        1,
        1,
        null,
        1,
        null,
        1,
        0,
        null,
        null,
        1,
        0,
        0,
        null,
        null,
        null,
        1,
        0,
        null,
        null,
        null
      ],
      "/Users/syaifulsabril/Documents/works/rails/logbook/app/admin/dashboards.rb": [
        1,
        null,
        null,
        null,
        null,
        null,
        null,
        null,
        null,
        null,
        null,
        null,
        null,
        null,
        null,
        null,
        null,
        null,
        null,
        null,
        null,
        null,
        null,
        null,
        null,
        null,
        null,
        null,
        null,
        null,
        null,
        null,
        null,
        null,
        null,
        null,
        null,
        null,
        null,
        null,
        null,
        null,
        null,
        null
      ],
      "/Users/syaifulsabril/Documents/works/rails/logbook/app/admin/projects.rb": [
        1,
        1,
        1,
        1,
        1,
        1,
        1,
        null,
        null,
        1,
        1,
        1,
        1,
        null,
        1,
        0,
        0,
        null,
        0,
        0,
        null,
        null,
        0,
        null,
        null,
        1,
        null,
        null,
        null,
        null,
        null,
        null,
        null,
        null,
        null,
        null,
        null,
        null,
        null,
        1,
        1,
        1,
        0,
        null,
        null,
        null
      ],
      "/Users/syaifulsabril/Documents/works/rails/logbook/app/models/project.rb": [
        1,
        1,
        1,
        null,
        1,
        1,
        1,
        1,
        null,
        1,
        1,
        1,
        1,
        null,
        1,
        0,
        0,
        0,
        0,
        0,
        null,
        null,
        null,
        1,
        1,
        null,
        null,
        null,
        null,
        null,
        1,
        null,
        null,
        null
      ],
      "/Users/syaifulsabril/Documents/works/rails/logbook/app/models/ckeditor/attachment_file.rb": [
        1,
        1,
        null,
        1,
        0,
        null,
        null
      ],
      "/Users/syaifulsabril/Documents/works/rails/logbook/app/models/ckeditor/asset.rb": [
        1,
        1,
        null,
        1,
        null,
        1,
        null
      ],
      "/Users/syaifulsabril/Documents/works/rails/logbook/app/uploaders/ckeditor_attachment_file_uploader.rb": [
        null,
        1,
        1,
        null,
        null,
        null,
        null,
        null,
        null,
        null,
        1,
        null,
        null,
        null,
        1,
        0,
        null,
        null,
        null,
        null,
        null,
        null,
        null,
        null,
        null,
        null,
        null,
        null,
        null,
        null,
        null,
        null,
        1,
        0,
        null,
        null,
        null,
        null,
        null,
        null,
        null,
        null
      ],
      "/Users/syaifulsabril/Documents/works/rails/logbook/app/models/ckeditor/picture.rb": [
        1,
        1,
        null,
        1,
        0,
        null,
        null
      ],
      "/Users/syaifulsabril/Documents/works/rails/logbook/app/uploaders/ckeditor_picture_uploader.rb": [
        null,
        1,
        1,
        null,
        null,
        null,
        1,
        null,
        null,
        null,
        1,
        null,
        null,
        null,
        1,
        0,
        null,
        null,
        null,
        null,
        null,
        null,
        null,
        null,
        null,
        null,
        null,
        null,
        null,
        null,
        1,
        null,
        null,
        1,
        1,
        null,
        null,
        1,
        1,
        null,
        null,
        null,
        null,
        1,
        0,
        null,
        null,
        null,
        null,
        null,
        null,
        null,
        null
      ],
      "/Users/syaifulsabril/Documents/works/rails/logbook/app/models/ability.rb": [
        1,
        1,
        null,
        1,
        0,
        0,
        null,
        null,
        1,
        0,
        0,
        null,
        null,
        1,
        0,
        0,
        null,
        null
      ]
    },
    "timestamp": 1333473001
  }
}
